# JRE version: Java(TM) SE Runtime Environment (8.0_231-b11) (build 1.8.0_231-b11)
# Java VM: Java HotSpot(TM) 64-Bit Server VM (25.231-b11 mixed mode windows-amd64 compressed oops)
Heap:
 PSYoungGen      total 18944K, used 17496K [0x00000000eb100000, 0x00000000ec600000, 0x0000000100000000)
  eden space 16384K, 91% used [0x00000000eb100000,0x00000000ebf9d1e8,0x00000000ec100000)
  from space 2560K, 98% used [0x00000000ec100000,0x00000000ec378eb0,0x00000000ec380000)
  to   space 2560K, 40% used [0x00000000ec380000,0x00000000ec484ec0,0x00000000ec600000)
 ParOldGen       total 44032K, used 555K [0x00000000c1200000, 0x00000000c3d00000, 0x00000000eb100000)
  object space 44032K, 1% used [0x00000000c1200000,0x00000000c128ac90,0x00000000c3d00000)
 Metaspace       used 8815K, capacity 8930K, committed 8960K, reserved 1060864K
  class space    used 1224K, capacity 1269K, committed 1280K, reserved 1048576K
GC Heap History (3 events):
Event: 1.079 GC heap before
{Heap before GC invocations=1 (full 0):
 PSYoungGen      total 18944K, used 16384K [0x00000000eb100000, 0x00000000ec600000, 0x0000000100000000)
  eden space 16384K, 100% used [0x00000000eb100000,0x00000000ec100000,0x00000000ec100000)
  from space 2560K, 0% used [0x00000000ec380000,0x00000000ec380000,0x00000000ec600000)
  to   space 2560K, 0% used [0x00000000ec100000,0x00000000ec100000,0x00000000ec380000)
 ParOldGen       total 44032K, used 0K [0x00000000c1200000, 0x00000000c3d00000, 0x00000000eb100000)
  object space 44032K, 0% used [0x00000000c1200000,0x00000000c1200000,0x00000000c3d00000)
 Metaspace       used 6578K, capacity 6660K, committed 6784K, reserved 1056768K
  class space    used 836K, capacity 880K, committed 896K, reserved 1048576K
Event: 1.085 GC heap after
Heap after GC invocations=1 (full 0):
 PSYoungGen      total 18944K, used 2531K [0x00000000eb100000, 0x00000000ec600000, 0x0000000100000000)
  eden space 16384K, 0% used [0x00000000eb100000,0x00000000eb100000,0x00000000ec100000)
  from space 2560K, 98% used [0x00000000ec100000,0x00000000ec378eb0,0x00000000ec380000)
  to   space 2560K, 0% used [0x00000000ec380000,0x00000000ec380000,0x00000000ec600000)
 ParOldGen       total 44032K, used 547K [0x00000000c1200000, 0x00000000c3d00000, 0x00000000eb100000)
  object space 44032K, 1% used [0x00000000c1200000,0x00000000c1288c90,0x00000000c3d00000)
 Metaspace       used 6578K, capacity 6660K, committed 6784K, reserved 1056768K
  class space    used 836K, capacity 880K, committed 896K, reserved 1048576K
}
Event: 1.674 GC heap before
{Heap before GC invocations=2 (full 0):
 PSYoungGen      total 18944K, used 17496K [0x00000000eb100000, 0x00000000ec600000, 0x0000000100000000)
  eden space 16384K, 91% used [0x00000000eb100000,0x00000000ebf9d1e8,0x00000000ec100000)
  from space 2560K, 98% used [0x00000000ec100000,0x00000000ec378eb0,0x00000000ec380000)
  to   space 2560K, 0% used [0x00000000ec380000,0x00000000ec380000,0x00000000ec600000)
 ParOldGen       total 44032K, used 547K [0x00000000c1200000, 0x00000000c3d00000, 0x00000000eb100000)
  object space 44032K, 1% used [0x00000000c1200000,0x00000000c1288c90,0x00000000c3d00000)
 Metaspace       used 8815K, capacity 8930K, committed 8960K, reserved 1060864K
  class space    used 1224K, capacity 1269K, committed 1280K, reserved 1048576K

